Analysis & Synthesis report for t1c_riscv_cpu
Wed Nov 06 00:10:12 2024
Quartus Prime Version 20.1.1 Build 720 11/11/2020 SJ Lite Edition


---------------------
; Table of Contents ;
---------------------
  1. Legal Notice
  2. Analysis & Synthesis Summary
  3. Analysis & Synthesis Settings
  4. Parallel Compilation
  5. Analysis & Synthesis Source Files Read
  6. Analysis & Synthesis Resource Usage Summary
  7. Analysis & Synthesis Resource Utilization by Entity
  8. Analysis & Synthesis DSP Block Usage Summary
  9. General Register Statistics
 10. Multiplexer Restructuring Statistics (Restructuring Performed)
 11. Parameter Settings for User Entity Instance: riscv_cpu:rvcpu|datapath:dp|mux2:pcmux
 12. Parameter Settings for User Entity Instance: riscv_cpu:rvcpu|datapath:dp|mux2:jalrmux
 13. Parameter Settings for User Entity Instance: riscv_cpu:rvcpu|datapath:dp|reset_ff:pcreg
 14. Parameter Settings for User Entity Instance: riscv_cpu:rvcpu|datapath:dp|adder:pcadd4
 15. Parameter Settings for User Entity Instance: riscv_cpu:rvcpu|datapath:dp|adder:pcaddbranch
 16. Parameter Settings for User Entity Instance: riscv_cpu:rvcpu|datapath:dp|reg_file:rf
 17. Parameter Settings for User Entity Instance: riscv_cpu:rvcpu|datapath:dp|mux2:srcbmux
 18. Parameter Settings for User Entity Instance: riscv_cpu:rvcpu|datapath:dp|alu:alu
 19. Parameter Settings for User Entity Instance: riscv_cpu:rvcpu|datapath:dp|adder:auipcadder
 20. Parameter Settings for User Entity Instance: riscv_cpu:rvcpu|datapath:dp|mux2:lauipcmux
 21. Parameter Settings for User Entity Instance: riscv_cpu:rvcpu|datapath:dp|mux4:resultmux
 22. Parameter Settings for User Entity Instance: instr_mem:instrmem
 23. Parameter Settings for User Entity Instance: data_mem:dmem
 24. Parameter Settings for Inferred Entity Instance: riscv_cpu:rvcpu|datapath:dp|alu:alu|lpm_mult:Mult0
 25. lpm_mult Parameter Settings by Entity Instance
 26. Port Connectivity Checks: "riscv_cpu:rvcpu|datapath:dp|mux2:lauipcmux"
 27. Port Connectivity Checks: "riscv_cpu:rvcpu|datapath:dp|adder:auipcadder"
 28. Port Connectivity Checks: "riscv_cpu:rvcpu|datapath:dp|adder:pcadd4"
 29. Port Connectivity Checks: "riscv_cpu:rvcpu|controller:c"
 30. Post-Synthesis Netlist Statistics for Top Partition
 31. Elapsed Time Per Partition
 32. Analysis & Synthesis Messages
 33. Analysis & Synthesis Suppressed Messages



----------------
; Legal Notice ;
----------------
Copyright (C) 2020  Intel Corporation. All rights reserved.
Your use of Intel Corporation's design tools, logic functions 
and other software and tools, and any partner logic 
functions, and any output files from any of the foregoing 
(including device programming or simulation files), and any 
associated documentation or information are expressly subject 
to the terms and conditions of the Intel Program License 
Subscription Agreement, the Intel Quartus Prime License Agreement,
the Intel FPGA IP License Agreement, or other applicable license
agreement, including, without limitation, that your use is for
the sole purpose of programming logic devices manufactured by
Intel and sold by Intel or its authorized distributors.  Please
refer to the applicable agreement for further details, at
https://fpgasoftware.intel.com/eula.



+----------------------------------------------------------------------------------+
; Analysis & Synthesis Summary                                                     ;
+------------------------------------+---------------------------------------------+
; Analysis & Synthesis Status        ; Successful - Wed Nov 06 00:10:12 2024       ;
; Quartus Prime Version              ; 20.1.1 Build 720 11/11/2020 SJ Lite Edition ;
; Revision Name                      ; t1c_riscv_cpu                               ;
; Top-level Entity Name              ; t1c_riscv_cpu                               ;
; Family                             ; Cyclone IV E                                ;
; Total logic elements               ; 7,639                                       ;
;     Total combinational functions  ; 4,631                                       ;
;     Dedicated logic registers      ; 3,104                                       ;
; Total registers                    ; 3104                                        ;
; Total pins                         ; 228                                         ;
; Total virtual pins                 ; 0                                           ;
; Total memory bits                  ; 0                                           ;
; Embedded Multiplier 9-bit elements ; 6                                           ;
; Total PLLs                         ; 0                                           ;
+------------------------------------+---------------------------------------------+


+------------------------------------------------------------------------------------------------------------+
; Analysis & Synthesis Settings                                                                              ;
+------------------------------------------------------------------+--------------------+--------------------+
; Option                                                           ; Setting            ; Default Value      ;
+------------------------------------------------------------------+--------------------+--------------------+
; Device                                                           ; EP4CE22F17C6       ;                    ;
; Top-level entity name                                            ; t1c_riscv_cpu      ; t1c_riscv_cpu      ;
; Family name                                                      ; Cyclone IV E       ; Cyclone V          ;
; Use smart compilation                                            ; Off                ; Off                ;
; Enable parallel Assembler and Timing Analyzer during compilation ; On                 ; On                 ;
; Enable compact report table                                      ; Off                ; Off                ;
; Restructure Multiplexers                                         ; Auto               ; Auto               ;
; Create Debugging Nodes for IP Cores                              ; Off                ; Off                ;
; Preserve fewer node names                                        ; On                 ; On                 ;
; Intel FPGA IP Evaluation Mode                                    ; Enable             ; Enable             ;
; Verilog Version                                                  ; Verilog_2001       ; Verilog_2001       ;
; VHDL Version                                                     ; VHDL_1993          ; VHDL_1993          ;
; State Machine Processing                                         ; Auto               ; Auto               ;
; Safe State Machine                                               ; Off                ; Off                ;
; Extract Verilog State Machines                                   ; On                 ; On                 ;
; Extract VHDL State Machines                                      ; On                 ; On                 ;
; Ignore Verilog initial constructs                                ; Off                ; Off                ;
; Iteration limit for constant Verilog loops                       ; 5000               ; 5000               ;
; Iteration limit for non-constant Verilog loops                   ; 250                ; 250                ;
; Add Pass-Through Logic to Inferred RAMs                          ; On                 ; On                 ;
; Infer RAMs from Raw Logic                                        ; On                 ; On                 ;
; Parallel Synthesis                                               ; On                 ; On                 ;
; DSP Block Balancing                                              ; Auto               ; Auto               ;
; NOT Gate Push-Back                                               ; On                 ; On                 ;
; Power-Up Don't Care                                              ; On                 ; On                 ;
; Remove Redundant Logic Cells                                     ; Off                ; Off                ;
; Remove Duplicate Registers                                       ; On                 ; On                 ;
; Ignore CARRY Buffers                                             ; Off                ; Off                ;
; Ignore CASCADE Buffers                                           ; Off                ; Off                ;
; Ignore GLOBAL Buffers                                            ; Off                ; Off                ;
; Ignore ROW GLOBAL Buffers                                        ; Off                ; Off                ;
; Ignore LCELL Buffers                                             ; Off                ; Off                ;
; Ignore SOFT Buffers                                              ; On                 ; On                 ;
; Limit AHDL Integers to 32 Bits                                   ; Off                ; Off                ;
; Optimization Technique                                           ; Balanced           ; Balanced           ;
; Carry Chain Length                                               ; 70                 ; 70                 ;
; Auto Carry Chains                                                ; On                 ; On                 ;
; Auto Open-Drain Pins                                             ; On                 ; On                 ;
; Perform WYSIWYG Primitive Resynthesis                            ; Off                ; Off                ;
; Auto ROM Replacement                                             ; On                 ; On                 ;
; Auto RAM Replacement                                             ; On                 ; On                 ;
; Auto DSP Block Replacement                                       ; On                 ; On                 ;
; Auto Shift Register Replacement                                  ; Auto               ; Auto               ;
; Allow Shift Register Merging across Hierarchies                  ; Auto               ; Auto               ;
; Auto Clock Enable Replacement                                    ; On                 ; On                 ;
; Strict RAM Replacement                                           ; Off                ; Off                ;
; Allow Synchronous Control Signals                                ; On                 ; On                 ;
; Force Use of Synchronous Clear Signals                           ; Off                ; Off                ;
; Auto RAM Block Balancing                                         ; On                 ; On                 ;
; Auto RAM to Logic Cell Conversion                                ; Off                ; Off                ;
; Auto Resource Sharing                                            ; Off                ; Off                ;
; Allow Any RAM Size For Recognition                               ; Off                ; Off                ;
; Allow Any ROM Size For Recognition                               ; Off                ; Off                ;
; Allow Any Shift Register Size For Recognition                    ; Off                ; Off                ;
; Use LogicLock Constraints during Resource Balancing              ; On                 ; On                 ;
; Ignore translate_off and synthesis_off directives                ; Off                ; Off                ;
; Timing-Driven Synthesis                                          ; On                 ; On                 ;
; Report Parameter Settings                                        ; On                 ; On                 ;
; Report Source Assignments                                        ; On                 ; On                 ;
; Report Connectivity Checks                                       ; On                 ; On                 ;
; Ignore Maximum Fan-Out Assignments                               ; Off                ; Off                ;
; Synchronization Register Chain Length                            ; 2                  ; 2                  ;
; Power Optimization During Synthesis                              ; Normal compilation ; Normal compilation ;
; HDL message level                                                ; Level2             ; Level2             ;
; Suppress Register Optimization Related Messages                  ; Off                ; Off                ;
; Number of Removed Registers Reported in Synthesis Report         ; 5000               ; 5000               ;
; Number of Swept Nodes Reported in Synthesis Report               ; 5000               ; 5000               ;
; Number of Inverted Registers Reported in Synthesis Report        ; 100                ; 100                ;
; Clock MUX Protection                                             ; On                 ; On                 ;
; Auto Gated Clock Conversion                                      ; Off                ; Off                ;
; Block Design Naming                                              ; Auto               ; Auto               ;
; SDC constraint protection                                        ; Off                ; Off                ;
; Synthesis Effort                                                 ; Auto               ; Auto               ;
; Shift Register Replacement - Allow Asynchronous Clear Signal     ; On                 ; On                 ;
; Pre-Mapping Resynthesis Optimization                             ; Off                ; Off                ;
; Analysis & Synthesis Message Level                               ; Medium             ; Medium             ;
; Disable Register Merging Across Hierarchies                      ; Auto               ; Auto               ;
; Resource Aware Inference For Block RAM                           ; On                 ; On                 ;
+------------------------------------------------------------------+--------------------+--------------------+


+------------------------------------------+
; Parallel Compilation                     ;
+----------------------------+-------------+
; Processors                 ; Number      ;
+----------------------------+-------------+
; Number detected on machine ; 12          ;
; Maximum allowed            ; 8           ;
;                            ;             ;
; Average used               ; 1.01        ;
; Maximum used               ; 8           ;
;                            ;             ;
; Usage by Processor         ; % Time Used ;
;     Processor 1            ; 100.0%      ;
;     Processor 2            ;   0.2%      ;
;     Processor 3            ;   0.1%      ;
;     Processor 4            ;   0.1%      ;
;     Processor 5            ;   0.1%      ;
;     Processor 6            ;   0.0%      ;
;     Processor 7            ;   0.0%      ;
;     Processor 8            ;   0.0%      ;
+----------------------------+-------------+


+-----------------------------------------------------------------------------------------------------------------------------------------------------------------------------------------------------------+
; Analysis & Synthesis Source Files Read                                                                                                                                                                    ;
+----------------------------------+-----------------+---------------------------------------------+----------------------------------------------------------------------------------------------+---------+
; File Name with User-Entered Path ; Used in Netlist ; File Type                                   ; File Name with Absolute Path                                                                 ; Library ;
+----------------------------------+-----------------+---------------------------------------------+----------------------------------------------------------------------------------------------+---------+
; code/t1c_riscv_cpu.v             ; yes             ; User Verilog HDL File                       ; C:/intelFPGA_lite/20.1/eyrc_copy/eb_3758_task2b/t1c_riscv_cpu/code/t1c_riscv_cpu.v           ;         ;
; code/riscv_cpu.v                 ; yes             ; User Verilog HDL File                       ; C:/intelFPGA_lite/20.1/eyrc_copy/eb_3758_task2b/t1c_riscv_cpu/code/riscv_cpu.v               ;         ;
; code/instr_mem.v                 ; yes             ; User Verilog HDL File                       ; C:/intelFPGA_lite/20.1/eyrc_copy/eb_3758_task2b/t1c_riscv_cpu/code/instr_mem.v               ;         ;
; code/data_mem.v                  ; yes             ; User Verilog HDL File                       ; C:/intelFPGA_lite/20.1/eyrc_copy/eb_3758_task2b/t1c_riscv_cpu/code/data_mem.v                ;         ;
; code/components/reset_ff.v       ; yes             ; User Verilog HDL File                       ; C:/intelFPGA_lite/20.1/eyrc_copy/eb_3758_task2b/t1c_riscv_cpu/code/components/reset_ff.v     ;         ;
; code/components/reg_file.v       ; yes             ; User Verilog HDL File                       ; C:/intelFPGA_lite/20.1/eyrc_copy/eb_3758_task2b/t1c_riscv_cpu/code/components/reg_file.v     ;         ;
; code/components/mux4.v           ; yes             ; User Verilog HDL File                       ; C:/intelFPGA_lite/20.1/eyrc_copy/eb_3758_task2b/t1c_riscv_cpu/code/components/mux4.v         ;         ;
; code/components/mux2.v           ; yes             ; User Verilog HDL File                       ; C:/intelFPGA_lite/20.1/eyrc_copy/eb_3758_task2b/t1c_riscv_cpu/code/components/mux2.v         ;         ;
; code/components/main_decoder.v   ; yes             ; User Verilog HDL File                       ; C:/intelFPGA_lite/20.1/eyrc_copy/eb_3758_task2b/t1c_riscv_cpu/code/components/main_decoder.v ;         ;
; code/components/imm_extend.v     ; yes             ; User Verilog HDL File                       ; C:/intelFPGA_lite/20.1/eyrc_copy/eb_3758_task2b/t1c_riscv_cpu/code/components/imm_extend.v   ;         ;
; code/components/datapath.v       ; yes             ; User Verilog HDL File                       ; C:/intelFPGA_lite/20.1/eyrc_copy/eb_3758_task2b/t1c_riscv_cpu/code/components/datapath.v     ;         ;
; code/components/alu.v            ; yes             ; User Verilog HDL File                       ; C:/intelFPGA_lite/20.1/eyrc_copy/eb_3758_task2b/t1c_riscv_cpu/code/components/alu.v          ;         ;
; code/components/adder.v          ; yes             ; User Verilog HDL File                       ; C:/intelFPGA_lite/20.1/eyrc_copy/eb_3758_task2b/t1c_riscv_cpu/code/components/adder.v        ;         ;
; code/program.hex                 ; yes             ; Auto-Found Hexadecimal (Intel-Format) File  ; C:/intelFPGA_lite/20.1/eyrc_copy/eb_3758_task2b/t1c_riscv_cpu/code/program.hex               ;         ;
; lpm_mult.tdf                     ; yes             ; Megafunction                                ; c:/intelfpga_lite/20.1/quartus/libraries/megafunctions/lpm_mult.tdf                          ;         ;
; aglobal201.inc                   ; yes             ; Megafunction                                ; c:/intelfpga_lite/20.1/quartus/libraries/megafunctions/aglobal201.inc                        ;         ;
; lpm_add_sub.inc                  ; yes             ; Megafunction                                ; c:/intelfpga_lite/20.1/quartus/libraries/megafunctions/lpm_add_sub.inc                       ;         ;
; multcore.inc                     ; yes             ; Megafunction                                ; c:/intelfpga_lite/20.1/quartus/libraries/megafunctions/multcore.inc                          ;         ;
; bypassff.inc                     ; yes             ; Megafunction                                ; c:/intelfpga_lite/20.1/quartus/libraries/megafunctions/bypassff.inc                          ;         ;
; altshift.inc                     ; yes             ; Megafunction                                ; c:/intelfpga_lite/20.1/quartus/libraries/megafunctions/altshift.inc                          ;         ;
; db/mult_7dt.tdf                  ; yes             ; Auto-Generated Megafunction                 ; C:/intelFPGA_lite/20.1/eyrc_copy/eb_3758_task2b/t1c_riscv_cpu/db/mult_7dt.tdf                ;         ;
+----------------------------------+-----------------+---------------------------------------------+----------------------------------------------------------------------------------------------+---------+


+---------------------------------------------------------+
; Analysis & Synthesis Resource Usage Summary             ;
+---------------------------------------------+-----------+
; Resource                                    ; Usage     ;
+---------------------------------------------+-----------+
; Estimated Total logic elements              ; 7,639     ;
;                                             ;           ;
; Total combinational functions               ; 4631      ;
; Logic element usage by number of LUT inputs ;           ;
;     -- 4 input functions                    ; 4142      ;
;     -- 3 input functions                    ; 388       ;
;     -- <=2 input functions                  ; 101       ;
;                                             ;           ;
; Logic elements by mode                      ;           ;
;     -- normal mode                          ; 4433      ;
;     -- arithmetic mode                      ; 198       ;
;                                             ;           ;
; Total registers                             ; 3104      ;
;     -- Dedicated logic registers            ; 3104      ;
;     -- I/O registers                        ; 0         ;
;                                             ;           ;
; I/O pins                                    ; 228       ;
;                                             ;           ;
; Embedded Multiplier 9-bit elements          ; 6         ;
;                                             ;           ;
; Maximum fan-out node                        ; clk~input ;
; Maximum fan-out                             ; 3104      ;
; Total fan-out                               ; 27803     ;
; Average fan-out                             ; 3.39      ;
+---------------------------------------------+-----------+


+------------------------------------------------------------------------------------------------------------------------------------------------------------------------------------------------------------------------------------------------------------------------------------------------+
; Analysis & Synthesis Resource Utilization by Entity                                                                                                                                                                                                                                            ;
+------------------------------------------+---------------------+---------------------------+-------------+--------------+---------+-----------+------+--------------+-------------------------------------------------------------------------------------------+---------------+--------------+
; Compilation Hierarchy Node               ; Combinational ALUTs ; Dedicated Logic Registers ; Memory Bits ; DSP Elements ; DSP 9x9 ; DSP 18x18 ; Pins ; Virtual Pins ; Full Hierarchy Name                                                                       ; Entity Name   ; Library Name ;
+------------------------------------------+---------------------+---------------------------+-------------+--------------+---------+-----------+------+--------------+-------------------------------------------------------------------------------------------+---------------+--------------+
; |t1c_riscv_cpu                           ; 4631 (69)           ; 3104 (0)                  ; 0           ; 6            ; 0       ; 3         ; 228  ; 0            ; |t1c_riscv_cpu                                                                            ; t1c_riscv_cpu ; work         ;
;    |data_mem:dmem|                       ; 1566 (1566)         ; 2048 (2048)               ; 0           ; 0            ; 0       ; 0         ; 0    ; 0            ; |t1c_riscv_cpu|data_mem:dmem                                                              ; data_mem      ; work         ;
;    |instr_mem:instrmem|                  ; 687 (687)           ; 0 (0)                     ; 0           ; 0            ; 0       ; 0         ; 0    ; 0            ; |t1c_riscv_cpu|instr_mem:instrmem                                                         ; instr_mem     ; work         ;
;    |riscv_cpu:rvcpu|                     ; 2309 (0)            ; 1056 (0)                  ; 0           ; 6            ; 0       ; 3         ; 0    ; 0            ; |t1c_riscv_cpu|riscv_cpu:rvcpu                                                            ; riscv_cpu     ; work         ;
;       |controller:c|                     ; 18 (18)             ; 0 (0)                     ; 0           ; 0            ; 0       ; 0         ; 0    ; 0            ; |t1c_riscv_cpu|riscv_cpu:rvcpu|controller:c                                               ; controller    ; work         ;
;       |datapath:dp|                      ; 2291 (0)            ; 1056 (0)                  ; 0           ; 6            ; 0       ; 3         ; 0    ; 0            ; |t1c_riscv_cpu|riscv_cpu:rvcpu|datapath:dp                                                ; datapath      ; work         ;
;          |adder:auipcadder|              ; 20 (20)             ; 0 (0)                     ; 0           ; 0            ; 0       ; 0         ; 0    ; 0            ; |t1c_riscv_cpu|riscv_cpu:rvcpu|datapath:dp|adder:auipcadder                               ; adder         ; work         ;
;          |adder:pcadd4|                  ; 30 (30)             ; 0 (0)                     ; 0           ; 0            ; 0       ; 0         ; 0    ; 0            ; |t1c_riscv_cpu|riscv_cpu:rvcpu|datapath:dp|adder:pcadd4                                   ; adder         ; work         ;
;          |adder:pcaddbranch|             ; 32 (32)             ; 0 (0)                     ; 0           ; 0            ; 0       ; 0         ; 0    ; 0            ; |t1c_riscv_cpu|riscv_cpu:rvcpu|datapath:dp|adder:pcaddbranch                              ; adder         ; work         ;
;          |alu:alu|                       ; 608 (580)           ; 0 (0)                     ; 0           ; 6            ; 0       ; 3         ; 0    ; 0            ; |t1c_riscv_cpu|riscv_cpu:rvcpu|datapath:dp|alu:alu                                        ; alu           ; work         ;
;             |lpm_mult:Mult0|             ; 28 (0)              ; 0 (0)                     ; 0           ; 6            ; 0       ; 3         ; 0    ; 0            ; |t1c_riscv_cpu|riscv_cpu:rvcpu|datapath:dp|alu:alu|lpm_mult:Mult0                         ; lpm_mult      ; work         ;
;                |mult_7dt:auto_generated| ; 28 (28)             ; 0 (0)                     ; 0           ; 6            ; 0       ; 3         ; 0    ; 0            ; |t1c_riscv_cpu|riscv_cpu:rvcpu|datapath:dp|alu:alu|lpm_mult:Mult0|mult_7dt:auto_generated ; mult_7dt      ; work         ;
;          |imm_extend:ext|                ; 17 (17)             ; 0 (0)                     ; 0           ; 0            ; 0       ; 0         ; 0    ; 0            ; |t1c_riscv_cpu|riscv_cpu:rvcpu|datapath:dp|imm_extend:ext                                 ; imm_extend    ; work         ;
;          |mux2:srcbmux|                  ; 34 (34)             ; 0 (0)                     ; 0           ; 0            ; 0       ; 0         ; 0    ; 0            ; |t1c_riscv_cpu|riscv_cpu:rvcpu|datapath:dp|mux2:srcbmux                                   ; mux2          ; work         ;
;          |mux4:resultmux|                ; 88 (88)             ; 0 (0)                     ; 0           ; 0            ; 0       ; 0         ; 0    ; 0            ; |t1c_riscv_cpu|riscv_cpu:rvcpu|datapath:dp|mux4:resultmux                                 ; mux4          ; work         ;
;          |reg_file:rf|                   ; 1429 (1429)         ; 1024 (1024)               ; 0           ; 0            ; 0       ; 0         ; 0    ; 0            ; |t1c_riscv_cpu|riscv_cpu:rvcpu|datapath:dp|reg_file:rf                                    ; reg_file      ; work         ;
;          |reset_ff:pcreg|                ; 33 (33)             ; 32 (32)                   ; 0           ; 0            ; 0       ; 0         ; 0    ; 0            ; |t1c_riscv_cpu|riscv_cpu:rvcpu|datapath:dp|reset_ff:pcreg                                 ; reset_ff      ; work         ;
+------------------------------------------+---------------------+---------------------------+-------------+--------------+---------+-----------+------+--------------+-------------------------------------------------------------------------------------------+---------------+--------------+
Note: For table entries with two numbers listed, the numbers in parentheses indicate the number of resources of the given type used by the specific entity alone. The numbers listed outside of parentheses indicate the total resources of the given type used by the specific entity and all of its sub-entities in the hierarchy.


+-----------------------------------------------------+
; Analysis & Synthesis DSP Block Usage Summary        ;
+---------------------------------------+-------------+
; Statistic                             ; Number Used ;
+---------------------------------------+-------------+
; Simple Multipliers (9-bit)            ; 0           ;
; Simple Multipliers (18-bit)           ; 3           ;
; Embedded Multiplier Blocks            ; --          ;
; Embedded Multiplier 9-bit elements    ; 6           ;
; Signed Embedded Multipliers           ; 0           ;
; Unsigned Embedded Multipliers         ; 3           ;
; Mixed Sign Embedded Multipliers       ; 0           ;
; Variable Sign Embedded Multipliers    ; 0           ;
; Dedicated Input Shift Register Chains ; 0           ;
+---------------------------------------+-------------+
Note: number of Embedded Multiplier Blocks used is only available after a successful fit.


+------------------------------------------------------+
; General Register Statistics                          ;
+----------------------------------------------+-------+
; Statistic                                    ; Value ;
+----------------------------------------------+-------+
; Total registers                              ; 3104  ;
; Number of registers using Synchronous Clear  ; 0     ;
; Number of registers using Synchronous Load   ; 32    ;
; Number of registers using Asynchronous Clear ; 32    ;
; Number of registers using Asynchronous Load  ; 0     ;
; Number of registers using Clock Enable       ; 3074  ;
; Number of registers using Preset             ; 0     ;
+----------------------------------------------+-------+


+-------------------------------------------------------------------------------------------------------------------------------------------------------------------------------+
; Multiplexer Restructuring Statistics (Restructuring Performed)                                                                                                                ;
+--------------------+-----------+---------------+----------------------+------------------------+------------+-----------------------------------------------------------------+
; Multiplexer Inputs ; Bus Width ; Baseline Area ; Area if Restructured ; Saving if Restructured ; Registered ; Example Multiplexer Output                                      ;
+--------------------+-----------+---------------+----------------------+------------------------+------------+-----------------------------------------------------------------+
; 3:1                ; 2 bits    ; 4 LEs         ; 2 LEs                ; 2 LEs                  ; Yes        ; |t1c_riscv_cpu|riscv_cpu:rvcpu|datapath:dp|reset_ff:pcreg|q[0]  ;
; 3:1                ; 30 bits   ; 60 LEs        ; 60 LEs               ; 0 LEs                  ; Yes        ; |t1c_riscv_cpu|riscv_cpu:rvcpu|datapath:dp|reset_ff:pcreg|q[5]  ;
; 11:1               ; 32 bits   ; 224 LEs       ; 64 LEs               ; 160 LEs                ; Yes        ; |t1c_riscv_cpu|data_mem:dmem|data_ram[63][8]                    ;
; 11:1               ; 32 bits   ; 224 LEs       ; 64 LEs               ; 160 LEs                ; Yes        ; |t1c_riscv_cpu|data_mem:dmem|data_ram[62][12]                   ;
; 11:1               ; 32 bits   ; 224 LEs       ; 64 LEs               ; 160 LEs                ; Yes        ; |t1c_riscv_cpu|data_mem:dmem|data_ram[61][17]                   ;
; 11:1               ; 32 bits   ; 224 LEs       ; 64 LEs               ; 160 LEs                ; Yes        ; |t1c_riscv_cpu|data_mem:dmem|data_ram[60][5]                    ;
; 11:1               ; 32 bits   ; 224 LEs       ; 64 LEs               ; 160 LEs                ; Yes        ; |t1c_riscv_cpu|data_mem:dmem|data_ram[59][5]                    ;
; 11:1               ; 32 bits   ; 224 LEs       ; 64 LEs               ; 160 LEs                ; Yes        ; |t1c_riscv_cpu|data_mem:dmem|data_ram[58][3]                    ;
; 11:1               ; 32 bits   ; 224 LEs       ; 64 LEs               ; 160 LEs                ; Yes        ; |t1c_riscv_cpu|data_mem:dmem|data_ram[57][28]                   ;
; 11:1               ; 32 bits   ; 224 LEs       ; 64 LEs               ; 160 LEs                ; Yes        ; |t1c_riscv_cpu|data_mem:dmem|data_ram[56][11]                   ;
; 11:1               ; 32 bits   ; 224 LEs       ; 64 LEs               ; 160 LEs                ; Yes        ; |t1c_riscv_cpu|data_mem:dmem|data_ram[55][15]                   ;
; 11:1               ; 32 bits   ; 224 LEs       ; 64 LEs               ; 160 LEs                ; Yes        ; |t1c_riscv_cpu|data_mem:dmem|data_ram[54][21]                   ;
; 11:1               ; 32 bits   ; 224 LEs       ; 64 LEs               ; 160 LEs                ; Yes        ; |t1c_riscv_cpu|data_mem:dmem|data_ram[53][29]                   ;
; 11:1               ; 32 bits   ; 224 LEs       ; 64 LEs               ; 160 LEs                ; Yes        ; |t1c_riscv_cpu|data_mem:dmem|data_ram[52][29]                   ;
; 11:1               ; 32 bits   ; 224 LEs       ; 64 LEs               ; 160 LEs                ; Yes        ; |t1c_riscv_cpu|data_mem:dmem|data_ram[51][1]                    ;
; 11:1               ; 32 bits   ; 224 LEs       ; 64 LEs               ; 160 LEs                ; Yes        ; |t1c_riscv_cpu|data_mem:dmem|data_ram[50][30]                   ;
; 11:1               ; 32 bits   ; 224 LEs       ; 64 LEs               ; 160 LEs                ; Yes        ; |t1c_riscv_cpu|data_mem:dmem|data_ram[49][3]                    ;
; 11:1               ; 32 bits   ; 224 LEs       ; 64 LEs               ; 160 LEs                ; Yes        ; |t1c_riscv_cpu|data_mem:dmem|data_ram[48][0]                    ;
; 11:1               ; 32 bits   ; 224 LEs       ; 64 LEs               ; 160 LEs                ; Yes        ; |t1c_riscv_cpu|data_mem:dmem|data_ram[47][4]                    ;
; 11:1               ; 32 bits   ; 224 LEs       ; 64 LEs               ; 160 LEs                ; Yes        ; |t1c_riscv_cpu|data_mem:dmem|data_ram[46][20]                   ;
; 11:1               ; 32 bits   ; 224 LEs       ; 64 LEs               ; 160 LEs                ; Yes        ; |t1c_riscv_cpu|data_mem:dmem|data_ram[45][21]                   ;
; 11:1               ; 32 bits   ; 224 LEs       ; 64 LEs               ; 160 LEs                ; Yes        ; |t1c_riscv_cpu|data_mem:dmem|data_ram[44][0]                    ;
; 11:1               ; 32 bits   ; 224 LEs       ; 64 LEs               ; 160 LEs                ; Yes        ; |t1c_riscv_cpu|data_mem:dmem|data_ram[43][14]                   ;
; 11:1               ; 32 bits   ; 224 LEs       ; 64 LEs               ; 160 LEs                ; Yes        ; |t1c_riscv_cpu|data_mem:dmem|data_ram[42][10]                   ;
; 11:1               ; 32 bits   ; 224 LEs       ; 64 LEs               ; 160 LEs                ; Yes        ; |t1c_riscv_cpu|data_mem:dmem|data_ram[41][6]                    ;
; 11:1               ; 32 bits   ; 224 LEs       ; 64 LEs               ; 160 LEs                ; Yes        ; |t1c_riscv_cpu|data_mem:dmem|data_ram[40][6]                    ;
; 11:1               ; 32 bits   ; 224 LEs       ; 64 LEs               ; 160 LEs                ; Yes        ; |t1c_riscv_cpu|data_mem:dmem|data_ram[39][8]                    ;
; 11:1               ; 32 bits   ; 224 LEs       ; 64 LEs               ; 160 LEs                ; Yes        ; |t1c_riscv_cpu|data_mem:dmem|data_ram[38][25]                   ;
; 11:1               ; 32 bits   ; 224 LEs       ; 64 LEs               ; 160 LEs                ; Yes        ; |t1c_riscv_cpu|data_mem:dmem|data_ram[37][1]                    ;
; 11:1               ; 32 bits   ; 224 LEs       ; 64 LEs               ; 160 LEs                ; Yes        ; |t1c_riscv_cpu|data_mem:dmem|data_ram[36][2]                    ;
; 11:1               ; 32 bits   ; 224 LEs       ; 64 LEs               ; 160 LEs                ; Yes        ; |t1c_riscv_cpu|data_mem:dmem|data_ram[35][10]                   ;
; 11:1               ; 32 bits   ; 224 LEs       ; 64 LEs               ; 160 LEs                ; Yes        ; |t1c_riscv_cpu|data_mem:dmem|data_ram[34][21]                   ;
; 11:1               ; 32 bits   ; 224 LEs       ; 64 LEs               ; 160 LEs                ; Yes        ; |t1c_riscv_cpu|data_mem:dmem|data_ram[33][3]                    ;
; 11:1               ; 32 bits   ; 224 LEs       ; 64 LEs               ; 160 LEs                ; Yes        ; |t1c_riscv_cpu|data_mem:dmem|data_ram[32][23]                   ;
; 11:1               ; 32 bits   ; 224 LEs       ; 64 LEs               ; 160 LEs                ; Yes        ; |t1c_riscv_cpu|data_mem:dmem|data_ram[31][21]                   ;
; 11:1               ; 32 bits   ; 224 LEs       ; 64 LEs               ; 160 LEs                ; Yes        ; |t1c_riscv_cpu|data_mem:dmem|data_ram[30][13]                   ;
; 11:1               ; 32 bits   ; 224 LEs       ; 64 LEs               ; 160 LEs                ; Yes        ; |t1c_riscv_cpu|data_mem:dmem|data_ram[29][16]                   ;
; 11:1               ; 32 bits   ; 224 LEs       ; 64 LEs               ; 160 LEs                ; Yes        ; |t1c_riscv_cpu|data_mem:dmem|data_ram[28][14]                   ;
; 11:1               ; 32 bits   ; 224 LEs       ; 64 LEs               ; 160 LEs                ; Yes        ; |t1c_riscv_cpu|data_mem:dmem|data_ram[27][9]                    ;
; 11:1               ; 32 bits   ; 224 LEs       ; 64 LEs               ; 160 LEs                ; Yes        ; |t1c_riscv_cpu|data_mem:dmem|data_ram[26][24]                   ;
; 11:1               ; 32 bits   ; 224 LEs       ; 64 LEs               ; 160 LEs                ; Yes        ; |t1c_riscv_cpu|data_mem:dmem|data_ram[25][1]                    ;
; 11:1               ; 32 bits   ; 224 LEs       ; 64 LEs               ; 160 LEs                ; Yes        ; |t1c_riscv_cpu|data_mem:dmem|data_ram[24][29]                   ;
; 11:1               ; 32 bits   ; 224 LEs       ; 64 LEs               ; 160 LEs                ; Yes        ; |t1c_riscv_cpu|data_mem:dmem|data_ram[23][27]                   ;
; 11:1               ; 32 bits   ; 224 LEs       ; 64 LEs               ; 160 LEs                ; Yes        ; |t1c_riscv_cpu|data_mem:dmem|data_ram[22][23]                   ;
; 11:1               ; 32 bits   ; 224 LEs       ; 64 LEs               ; 160 LEs                ; Yes        ; |t1c_riscv_cpu|data_mem:dmem|data_ram[21][2]                    ;
; 11:1               ; 32 bits   ; 224 LEs       ; 64 LEs               ; 160 LEs                ; Yes        ; |t1c_riscv_cpu|data_mem:dmem|data_ram[20][3]                    ;
; 11:1               ; 32 bits   ; 224 LEs       ; 64 LEs               ; 160 LEs                ; Yes        ; |t1c_riscv_cpu|data_mem:dmem|data_ram[19][1]                    ;
; 11:1               ; 32 bits   ; 224 LEs       ; 64 LEs               ; 160 LEs                ; Yes        ; |t1c_riscv_cpu|data_mem:dmem|data_ram[18][27]                   ;
; 11:1               ; 32 bits   ; 224 LEs       ; 64 LEs               ; 160 LEs                ; Yes        ; |t1c_riscv_cpu|data_mem:dmem|data_ram[17][17]                   ;
; 11:1               ; 32 bits   ; 224 LEs       ; 64 LEs               ; 160 LEs                ; Yes        ; |t1c_riscv_cpu|data_mem:dmem|data_ram[16][22]                   ;
; 11:1               ; 32 bits   ; 224 LEs       ; 64 LEs               ; 160 LEs                ; Yes        ; |t1c_riscv_cpu|data_mem:dmem|data_ram[15][3]                    ;
; 11:1               ; 32 bits   ; 224 LEs       ; 64 LEs               ; 160 LEs                ; Yes        ; |t1c_riscv_cpu|data_mem:dmem|data_ram[14][1]                    ;
; 11:1               ; 32 bits   ; 224 LEs       ; 64 LEs               ; 160 LEs                ; Yes        ; |t1c_riscv_cpu|data_mem:dmem|data_ram[13][26]                   ;
; 11:1               ; 32 bits   ; 224 LEs       ; 64 LEs               ; 160 LEs                ; Yes        ; |t1c_riscv_cpu|data_mem:dmem|data_ram[12][19]                   ;
; 11:1               ; 32 bits   ; 224 LEs       ; 64 LEs               ; 160 LEs                ; Yes        ; |t1c_riscv_cpu|data_mem:dmem|data_ram[11][25]                   ;
; 11:1               ; 32 bits   ; 224 LEs       ; 64 LEs               ; 160 LEs                ; Yes        ; |t1c_riscv_cpu|data_mem:dmem|data_ram[10][19]                   ;
; 11:1               ; 32 bits   ; 224 LEs       ; 64 LEs               ; 160 LEs                ; Yes        ; |t1c_riscv_cpu|data_mem:dmem|data_ram[9][14]                    ;
; 11:1               ; 32 bits   ; 224 LEs       ; 64 LEs               ; 160 LEs                ; Yes        ; |t1c_riscv_cpu|data_mem:dmem|data_ram[8][0]                     ;
; 11:1               ; 32 bits   ; 224 LEs       ; 64 LEs               ; 160 LEs                ; Yes        ; |t1c_riscv_cpu|data_mem:dmem|data_ram[7][28]                    ;
; 11:1               ; 32 bits   ; 224 LEs       ; 64 LEs               ; 160 LEs                ; Yes        ; |t1c_riscv_cpu|data_mem:dmem|data_ram[6][6]                     ;
; 11:1               ; 32 bits   ; 224 LEs       ; 64 LEs               ; 160 LEs                ; Yes        ; |t1c_riscv_cpu|data_mem:dmem|data_ram[5][23]                    ;
; 11:1               ; 32 bits   ; 224 LEs       ; 64 LEs               ; 160 LEs                ; Yes        ; |t1c_riscv_cpu|data_mem:dmem|data_ram[4][11]                    ;
; 11:1               ; 32 bits   ; 224 LEs       ; 64 LEs               ; 160 LEs                ; Yes        ; |t1c_riscv_cpu|data_mem:dmem|data_ram[3][26]                    ;
; 11:1               ; 32 bits   ; 224 LEs       ; 64 LEs               ; 160 LEs                ; Yes        ; |t1c_riscv_cpu|data_mem:dmem|data_ram[2][26]                    ;
; 11:1               ; 32 bits   ; 224 LEs       ; 64 LEs               ; 160 LEs                ; Yes        ; |t1c_riscv_cpu|data_mem:dmem|data_ram[1][26]                    ;
; 11:1               ; 32 bits   ; 224 LEs       ; 64 LEs               ; 160 LEs                ; Yes        ; |t1c_riscv_cpu|data_mem:dmem|data_ram[0][11]                    ;
; 3:1                ; 2 bits    ; 4 LEs         ; 4 LEs                ; 0 LEs                  ; No         ; |t1c_riscv_cpu|data_mem:dmem|Mux2089                            ;
; 4:1                ; 14 bits   ; 28 LEs        ; 28 LEs               ; 0 LEs                  ; No         ; |t1c_riscv_cpu|data_mem:dmem|Mux2102                            ;
; 5:1                ; 10 bits   ; 30 LEs        ; 20 LEs               ; 10 LEs                 ; No         ; |t1c_riscv_cpu|riscv_cpu:rvcpu|datapath:dp|mux4:resultmux|y[3]  ;
; 5:1                ; 20 bits   ; 60 LEs        ; 60 LEs               ; 0 LEs                  ; No         ; |t1c_riscv_cpu|riscv_cpu:rvcpu|datapath:dp|mux4:resultmux|y[20] ;
; 4:1                ; 2 bits    ; 4 LEs         ; 4 LEs                ; 0 LEs                  ; No         ; |t1c_riscv_cpu|riscv_cpu:rvcpu|datapath:dp|mux4:resultmux|y[0]  ;
; 5:1                ; 7 bits    ; 21 LEs        ; 14 LEs               ; 7 LEs                  ; No         ; |t1c_riscv_cpu|data_mem:dmem|Mux2106                            ;
; 7:1                ; 7 bits    ; 28 LEs        ; 14 LEs               ; 14 LEs                 ; No         ; |t1c_riscv_cpu|data_mem:dmem|Mux2117                            ;
; 64:1               ; 32 bits   ; 1344 LEs      ; 1344 LEs             ; 0 LEs                  ; No         ; |t1c_riscv_cpu|data_mem:dmem|Mux2076                            ;
; 14:1               ; 14 bits   ; 126 LEs       ; 84 LEs               ; 42 LEs                 ; No         ; |t1c_riscv_cpu|riscv_cpu:rvcpu|datapath:dp|alu:alu|Selector7    ;
; 14:1               ; 8 bits    ; 72 LEs        ; 48 LEs               ; 24 LEs                 ; No         ; |t1c_riscv_cpu|riscv_cpu:rvcpu|datapath:dp|alu:alu|Selector21   ;
; 15:1               ; 4 bits    ; 40 LEs        ; 28 LEs               ; 12 LEs                 ; No         ; |t1c_riscv_cpu|riscv_cpu:rvcpu|datapath:dp|alu:alu|Selector27   ;
; 16:1               ; 2 bits    ; 20 LEs        ; 16 LEs               ; 4 LEs                  ; No         ; |t1c_riscv_cpu|riscv_cpu:rvcpu|datapath:dp|alu:alu|Selector29   ;
+--------------------+-----------+---------------+----------------------+------------------------+------------+-----------------------------------------------------------------+


+-------------------------------------------------------------------------------------+
; Parameter Settings for User Entity Instance: riscv_cpu:rvcpu|datapath:dp|mux2:pcmux ;
+----------------+-------+------------------------------------------------------------+
; Parameter Name ; Value ; Type                                                       ;
+----------------+-------+------------------------------------------------------------+
; WIDTH          ; 32    ; Signed Integer                                             ;
+----------------+-------+------------------------------------------------------------+
Note: In order to hide this table in the UI and the text report file, please set the "Show Parameter Settings in Synthesis Report" option in "Analysis and Synthesis Settings -> More Settings" to "Off".


+---------------------------------------------------------------------------------------+
; Parameter Settings for User Entity Instance: riscv_cpu:rvcpu|datapath:dp|mux2:jalrmux ;
+----------------+-------+--------------------------------------------------------------+
; Parameter Name ; Value ; Type                                                         ;
+----------------+-------+--------------------------------------------------------------+
; WIDTH          ; 32    ; Signed Integer                                               ;
+----------------+-------+--------------------------------------------------------------+
Note: In order to hide this table in the UI and the text report file, please set the "Show Parameter Settings in Synthesis Report" option in "Analysis and Synthesis Settings -> More Settings" to "Off".


+-----------------------------------------------------------------------------------------+
; Parameter Settings for User Entity Instance: riscv_cpu:rvcpu|datapath:dp|reset_ff:pcreg ;
+----------------+-------+----------------------------------------------------------------+
; Parameter Name ; Value ; Type                                                           ;
+----------------+-------+----------------------------------------------------------------+
; WIDTH          ; 32    ; Signed Integer                                                 ;
+----------------+-------+----------------------------------------------------------------+
Note: In order to hide this table in the UI and the text report file, please set the "Show Parameter Settings in Synthesis Report" option in "Analysis and Synthesis Settings -> More Settings" to "Off".


+---------------------------------------------------------------------------------------+
; Parameter Settings for User Entity Instance: riscv_cpu:rvcpu|datapath:dp|adder:pcadd4 ;
+----------------+-------+--------------------------------------------------------------+
; Parameter Name ; Value ; Type                                                         ;
+----------------+-------+--------------------------------------------------------------+
; WIDTH          ; 32    ; Signed Integer                                               ;
+----------------+-------+--------------------------------------------------------------+
Note: In order to hide this table in the UI and the text report file, please set the "Show Parameter Settings in Synthesis Report" option in "Analysis and Synthesis Settings -> More Settings" to "Off".


+--------------------------------------------------------------------------------------------+
; Parameter Settings for User Entity Instance: riscv_cpu:rvcpu|datapath:dp|adder:pcaddbranch ;
+----------------+-------+-------------------------------------------------------------------+
; Parameter Name ; Value ; Type                                                              ;
+----------------+-------+-------------------------------------------------------------------+
; WIDTH          ; 32    ; Signed Integer                                                    ;
+----------------+-------+-------------------------------------------------------------------+
Note: In order to hide this table in the UI and the text report file, please set the "Show Parameter Settings in Synthesis Report" option in "Analysis and Synthesis Settings -> More Settings" to "Off".


+--------------------------------------------------------------------------------------+
; Parameter Settings for User Entity Instance: riscv_cpu:rvcpu|datapath:dp|reg_file:rf ;
+----------------+-------+-------------------------------------------------------------+
; Parameter Name ; Value ; Type                                                        ;
+----------------+-------+-------------------------------------------------------------+
; DATA_WIDTH     ; 32    ; Signed Integer                                              ;
+----------------+-------+-------------------------------------------------------------+
Note: In order to hide this table in the UI and the text report file, please set the "Show Parameter Settings in Synthesis Report" option in "Analysis and Synthesis Settings -> More Settings" to "Off".


+---------------------------------------------------------------------------------------+
; Parameter Settings for User Entity Instance: riscv_cpu:rvcpu|datapath:dp|mux2:srcbmux ;
+----------------+-------+--------------------------------------------------------------+
; Parameter Name ; Value ; Type                                                         ;
+----------------+-------+--------------------------------------------------------------+
; WIDTH          ; 32    ; Signed Integer                                               ;
+----------------+-------+--------------------------------------------------------------+
Note: In order to hide this table in the UI and the text report file, please set the "Show Parameter Settings in Synthesis Report" option in "Analysis and Synthesis Settings -> More Settings" to "Off".


+----------------------------------------------------------------------------------+
; Parameter Settings for User Entity Instance: riscv_cpu:rvcpu|datapath:dp|alu:alu ;
+----------------+-------+---------------------------------------------------------+
; Parameter Name ; Value ; Type                                                    ;
+----------------+-------+---------------------------------------------------------+
; WIDTH          ; 32    ; Signed Integer                                          ;
+----------------+-------+---------------------------------------------------------+
Note: In order to hide this table in the UI and the text report file, please set the "Show Parameter Settings in Synthesis Report" option in "Analysis and Synthesis Settings -> More Settings" to "Off".


+-------------------------------------------------------------------------------------------+
; Parameter Settings for User Entity Instance: riscv_cpu:rvcpu|datapath:dp|adder:auipcadder ;
+----------------+-------+------------------------------------------------------------------+
; Parameter Name ; Value ; Type                                                             ;
+----------------+-------+------------------------------------------------------------------+
; WIDTH          ; 32    ; Signed Integer                                                   ;
+----------------+-------+------------------------------------------------------------------+
Note: In order to hide this table in the UI and the text report file, please set the "Show Parameter Settings in Synthesis Report" option in "Analysis and Synthesis Settings -> More Settings" to "Off".


+-----------------------------------------------------------------------------------------+
; Parameter Settings for User Entity Instance: riscv_cpu:rvcpu|datapath:dp|mux2:lauipcmux ;
+----------------+-------+----------------------------------------------------------------+
; Parameter Name ; Value ; Type                                                           ;
+----------------+-------+----------------------------------------------------------------+
; WIDTH          ; 32    ; Signed Integer                                                 ;
+----------------+-------+----------------------------------------------------------------+
Note: In order to hide this table in the UI and the text report file, please set the "Show Parameter Settings in Synthesis Report" option in "Analysis and Synthesis Settings -> More Settings" to "Off".


+-----------------------------------------------------------------------------------------+
; Parameter Settings for User Entity Instance: riscv_cpu:rvcpu|datapath:dp|mux4:resultmux ;
+----------------+-------+----------------------------------------------------------------+
; Parameter Name ; Value ; Type                                                           ;
+----------------+-------+----------------------------------------------------------------+
; WIDTH          ; 32    ; Signed Integer                                                 ;
+----------------+-------+----------------------------------------------------------------+
Note: In order to hide this table in the UI and the text report file, please set the "Show Parameter Settings in Synthesis Report" option in "Analysis and Synthesis Settings -> More Settings" to "Off".


+-----------------------------------------------------------------+
; Parameter Settings for User Entity Instance: instr_mem:instrmem ;
+----------------+-------+----------------------------------------+
; Parameter Name ; Value ; Type                                   ;
+----------------+-------+----------------------------------------+
; DATA_WIDTH     ; 32    ; Signed Integer                         ;
; ADDR_WIDTH     ; 32    ; Signed Integer                         ;
; MEM_SIZE       ; 512   ; Signed Integer                         ;
+----------------+-------+----------------------------------------+
Note: In order to hide this table in the UI and the text report file, please set the "Show Parameter Settings in Synthesis Report" option in "Analysis and Synthesis Settings -> More Settings" to "Off".


+------------------------------------------------------------+
; Parameter Settings for User Entity Instance: data_mem:dmem ;
+----------------+-------+-----------------------------------+
; Parameter Name ; Value ; Type                              ;
+----------------+-------+-----------------------------------+
; DATA_WIDTH     ; 32    ; Signed Integer                    ;
; ADDR_WIDTH     ; 32    ; Signed Integer                    ;
; MEM_SIZE       ; 64    ; Signed Integer                    ;
+----------------+-------+-----------------------------------+
Note: In order to hide this table in the UI and the text report file, please set the "Show Parameter Settings in Synthesis Report" option in "Analysis and Synthesis Settings -> More Settings" to "Off".


+-----------------------------------------------------------------------------------------------------+
; Parameter Settings for Inferred Entity Instance: riscv_cpu:rvcpu|datapath:dp|alu:alu|lpm_mult:Mult0 ;
+------------------------------------------------+--------------+-------------------------------------+
; Parameter Name                                 ; Value        ; Type                                ;
+------------------------------------------------+--------------+-------------------------------------+
; AUTO_CARRY_CHAINS                              ; ON           ; AUTO_CARRY                          ;
; IGNORE_CARRY_BUFFERS                           ; OFF          ; IGNORE_CARRY                        ;
; AUTO_CASCADE_CHAINS                            ; ON           ; AUTO_CASCADE                        ;
; IGNORE_CASCADE_BUFFERS                         ; OFF          ; IGNORE_CASCADE                      ;
; LPM_WIDTHA                                     ; 32           ; Untyped                             ;
; LPM_WIDTHB                                     ; 32           ; Untyped                             ;
; LPM_WIDTHP                                     ; 64           ; Untyped                             ;
; LPM_WIDTHR                                     ; 64           ; Untyped                             ;
; LPM_WIDTHS                                     ; 1            ; Untyped                             ;
; LPM_REPRESENTATION                             ; UNSIGNED     ; Untyped                             ;
; LPM_PIPELINE                                   ; 0            ; Untyped                             ;
; LATENCY                                        ; 0            ; Untyped                             ;
; INPUT_A_IS_CONSTANT                            ; NO           ; Untyped                             ;
; INPUT_B_IS_CONSTANT                            ; NO           ; Untyped                             ;
; USE_EAB                                        ; OFF          ; Untyped                             ;
; MAXIMIZE_SPEED                                 ; 5            ; Untyped                             ;
; DEVICE_FAMILY                                  ; Cyclone IV E ; Untyped                             ;
; CARRY_CHAIN                                    ; MANUAL       ; Untyped                             ;
; APEX20K_TECHNOLOGY_MAPPER                      ; LUT          ; TECH_MAPPER_APEX20K                 ;
; DEDICATED_MULTIPLIER_CIRCUITRY                 ; AUTO         ; Untyped                             ;
; DEDICATED_MULTIPLIER_MIN_INPUT_WIDTH_FOR_AUTO  ; 0            ; Untyped                             ;
; DEDICATED_MULTIPLIER_MIN_OUTPUT_WIDTH_FOR_AUTO ; 0            ; Untyped                             ;
; CBXI_PARAMETER                                 ; mult_7dt     ; Untyped                             ;
; INPUT_A_FIXED_VALUE                            ; Bx           ; Untyped                             ;
; INPUT_B_FIXED_VALUE                            ; Bx           ; Untyped                             ;
; USE_AHDL_IMPLEMENTATION                        ; OFF          ; Untyped                             ;
+------------------------------------------------+--------------+-------------------------------------+
Note: In order to hide this table in the UI and the text report file, please set the "Show Parameter Settings in Synthesis Report" option in "Analysis and Synthesis Settings -> More Settings" to "Off".


+--------------------------------------------------------------------------------------------+
; lpm_mult Parameter Settings by Entity Instance                                             ;
+---------------------------------------+----------------------------------------------------+
; Name                                  ; Value                                              ;
+---------------------------------------+----------------------------------------------------+
; Number of entity instances            ; 1                                                  ;
; Entity Instance                       ; riscv_cpu:rvcpu|datapath:dp|alu:alu|lpm_mult:Mult0 ;
;     -- LPM_WIDTHA                     ; 32                                                 ;
;     -- LPM_WIDTHB                     ; 32                                                 ;
;     -- LPM_WIDTHP                     ; 64                                                 ;
;     -- LPM_REPRESENTATION             ; UNSIGNED                                           ;
;     -- INPUT_A_IS_CONSTANT            ; NO                                                 ;
;     -- INPUT_B_IS_CONSTANT            ; NO                                                 ;
;     -- USE_EAB                        ; OFF                                                ;
;     -- DEDICATED_MULTIPLIER_CIRCUITRY ; AUTO                                               ;
;     -- INPUT_A_FIXED_VALUE            ; Bx                                                 ;
;     -- INPUT_B_FIXED_VALUE            ; Bx                                                 ;
+---------------------------------------+----------------------------------------------------+


+------------------------------------------------------------------------+
; Port Connectivity Checks: "riscv_cpu:rvcpu|datapath:dp|mux2:lauipcmux" ;
+-----------+-------+----------+-----------------------------------------+
; Port      ; Type  ; Severity ; Details                                 ;
+-----------+-------+----------+-----------------------------------------+
; d1[11..0] ; Input ; Info     ; Stuck at GND                            ;
+-----------+-------+----------+-----------------------------------------+


+--------------------------------------------------------------------------+
; Port Connectivity Checks: "riscv_cpu:rvcpu|datapath:dp|adder:auipcadder" ;
+----------+-------+----------+--------------------------------------------+
; Port     ; Type  ; Severity ; Details                                    ;
+----------+-------+----------+--------------------------------------------+
; a[11..0] ; Input ; Info     ; Stuck at GND                               ;
+----------+-------+----------+--------------------------------------------+


+----------------------------------------------------------------------+
; Port Connectivity Checks: "riscv_cpu:rvcpu|datapath:dp|adder:pcadd4" ;
+----------+-------+----------+----------------------------------------+
; Port     ; Type  ; Severity ; Details                                ;
+----------+-------+----------+----------------------------------------+
; b[31..3] ; Input ; Info     ; Stuck at GND                           ;
; b[1..0]  ; Input ; Info     ; Stuck at GND                           ;
; b[2]     ; Input ; Info     ; Stuck at VCC                           ;
+----------+-------+----------+----------------------------------------+


+----------------------------------------------------------------------------------------------------------------+
; Port Connectivity Checks: "riscv_cpu:rvcpu|controller:c"                                                       ;
+------+--------+----------+-------------------------------------------------------------------------------------+
; Port ; Type   ; Severity ; Details                                                                             ;
+------+--------+----------+-------------------------------------------------------------------------------------+
; Jump ; Output ; Info     ; Connected to dangling logic. Logic that only feeds a dangling port will be removed. ;
+------+--------+----------+-------------------------------------------------------------------------------------+


+-----------------------------------------------------+
; Post-Synthesis Netlist Statistics for Top Partition ;
+-----------------------+-----------------------------+
; Type                  ; Count                       ;
+-----------------------+-----------------------------+
; boundary_port         ; 228                         ;
; cycloneiii_ff         ; 3104                        ;
;     CLR SLD           ; 30                          ;
;     ENA               ; 3072                        ;
;     ENA CLR SLD       ; 2                           ;
; cycloneiii_lcell_comb ; 4631                        ;
;     arith             ; 198                         ;
;         2 data inputs ; 29                          ;
;         3 data inputs ; 169                         ;
;     normal            ; 4433                        ;
;         1 data inputs ; 1                           ;
;         2 data inputs ; 71                          ;
;         3 data inputs ; 219                         ;
;         4 data inputs ; 4142                        ;
; cycloneiii_mac_mult   ; 3                           ;
; cycloneiii_mac_out    ; 3                           ;
;                       ;                             ;
; Max LUT depth         ; 32.00                       ;
; Average LUT depth     ; 20.78                       ;
+-----------------------+-----------------------------+


+-------------------------------+
; Elapsed Time Per Partition    ;
+----------------+--------------+
; Partition Name ; Elapsed Time ;
+----------------+--------------+
; Top            ; 00:00:31     ;
+----------------+--------------+


+-------------------------------+
; Analysis & Synthesis Messages ;
+-------------------------------+
Info: *******************************************************************
Info: Running Quartus Prime Analysis & Synthesis
    Info: Version 20.1.1 Build 720 11/11/2020 SJ Lite Edition
    Info: Processing started: Wed Nov 06 00:09:30 2024
Info: Command: quartus_map --read_settings_files=on --write_settings_files=off t1c_riscv_cpu -c t1c_riscv_cpu
Warning (18236): Number of processors has not been specified which may cause overloading on shared machines.  Set the global assignment NUM_PARALLEL_PROCESSORS in your QSF to an appropriate value for best performance.
Info (20030): Parallel compilation is enabled and will use 8 of the 8 processors detected
Info (12021): Found 1 design units, including 1 entities, in source file code/t1c_riscv_cpu.v
    Info (12023): Found entity 1: t1c_riscv_cpu File: C:/intelFPGA_lite/20.1/eyrc_copy/eb_3758_task2b/t1c_riscv_cpu/code/t1c_riscv_cpu.v Line: 4
Info (12021): Found 1 design units, including 1 entities, in source file code/riscv_cpu.v
    Info (12023): Found entity 1: riscv_cpu File: C:/intelFPGA_lite/20.1/eyrc_copy/eb_3758_task2b/t1c_riscv_cpu/code/riscv_cpu.v Line: 4
Info (12021): Found 1 design units, including 1 entities, in source file code/instr_mem.v
    Info (12023): Found entity 1: instr_mem File: C:/intelFPGA_lite/20.1/eyrc_copy/eb_3758_task2b/t1c_riscv_cpu/code/instr_mem.v Line: 4
Info (12021): Found 1 design units, including 1 entities, in source file code/data_mem.v
    Info (12023): Found entity 1: data_mem File: C:/intelFPGA_lite/20.1/eyrc_copy/eb_3758_task2b/t1c_riscv_cpu/code/data_mem.v Line: 4
Info (12021): Found 1 design units, including 1 entities, in source file code/components/reset_ff.v
    Info (12023): Found entity 1: reset_ff File: C:/intelFPGA_lite/20.1/eyrc_copy/eb_3758_task2b/t1c_riscv_cpu/code/components/reset_ff.v Line: 4
Info (12021): Found 1 design units, including 1 entities, in source file code/components/reg_file.v
    Info (12023): Found entity 1: reg_file File: C:/intelFPGA_lite/20.1/eyrc_copy/eb_3758_task2b/t1c_riscv_cpu/code/components/reg_file.v Line: 8
Info (12021): Found 1 design units, including 1 entities, in source file code/components/mux4.v
    Info (12023): Found entity 1: mux4 File: C:/intelFPGA_lite/20.1/eyrc_copy/eb_3758_task2b/t1c_riscv_cpu/code/components/mux4.v Line: 4
Info (12021): Found 1 design units, including 1 entities, in source file code/components/mux3.v
    Info (12023): Found entity 1: mux3 File: C:/intelFPGA_lite/20.1/eyrc_copy/eb_3758_task2b/t1c_riscv_cpu/code/components/mux3.v Line: 4
Info (12021): Found 1 design units, including 1 entities, in source file code/components/mux2.v
    Info (12023): Found entity 1: mux2 File: C:/intelFPGA_lite/20.1/eyrc_copy/eb_3758_task2b/t1c_riscv_cpu/code/components/mux2.v Line: 4
Info (12021): Found 1 design units, including 1 entities, in source file code/components/main_decoder.v
    Info (12023): Found entity 1: controller File: C:/intelFPGA_lite/20.1/eyrc_copy/eb_3758_task2b/t1c_riscv_cpu/code/components/main_decoder.v Line: 14
Info (12021): Found 1 design units, including 1 entities, in source file code/components/imm_extend.v
    Info (12023): Found entity 1: imm_extend File: C:/intelFPGA_lite/20.1/eyrc_copy/eb_3758_task2b/t1c_riscv_cpu/code/components/imm_extend.v Line: 3
Info (12021): Found 1 design units, including 1 entities, in source file code/components/datapath.v
    Info (12023): Found entity 1: datapath File: C:/intelFPGA_lite/20.1/eyrc_copy/eb_3758_task2b/t1c_riscv_cpu/code/components/datapath.v Line: 3
Info (12021): Found 0 design units, including 0 entities, in source file code/components/controller.v
Info (12021): Found 0 design units, including 0 entities, in source file code/components/alu_decoder.v
Info (12021): Found 1 design units, including 1 entities, in source file code/components/alu.v
    Info (12023): Found entity 1: alu File: C:/intelFPGA_lite/20.1/eyrc_copy/eb_3758_task2b/t1c_riscv_cpu/code/components/alu.v Line: 4
Info (12021): Found 1 design units, including 1 entities, in source file code/components/adder.v
    Info (12023): Found entity 1: adder File: C:/intelFPGA_lite/20.1/eyrc_copy/eb_3758_task2b/t1c_riscv_cpu/code/components/adder.v Line: 4
Warning (10236): Verilog HDL Implicit Net warning at riscv_cpu.v(19): created implicit net for "PCSrc" File: C:/intelFPGA_lite/20.1/eyrc_copy/eb_3758_task2b/t1c_riscv_cpu/code/riscv_cpu.v Line: 19
Info (12127): Elaborating entity "t1c_riscv_cpu" for the top level hierarchy
Warning (10230): Verilog HDL assignment warning at t1c_riscv_cpu.v(36): truncated value with size 32 to match size of target (1) File: C:/intelFPGA_lite/20.1/eyrc_copy/eb_3758_task2b/t1c_riscv_cpu/code/t1c_riscv_cpu.v Line: 36
Info (12128): Elaborating entity "riscv_cpu" for hierarchy "riscv_cpu:rvcpu" File: C:/intelFPGA_lite/20.1/eyrc_copy/eb_3758_task2b/t1c_riscv_cpu/code/t1c_riscv_cpu.v Line: 24
Info (12128): Elaborating entity "controller" for hierarchy "riscv_cpu:rvcpu|controller:c" File: C:/intelFPGA_lite/20.1/eyrc_copy/eb_3758_task2b/t1c_riscv_cpu/code/riscv_cpu.v Line: 20
Warning (10270): Verilog HDL Case Statement warning at main_decoder.v(39): incomplete case statement has no default case item File: C:/intelFPGA_lite/20.1/eyrc_copy/eb_3758_task2b/t1c_riscv_cpu/code/components/main_decoder.v Line: 39
Info (12128): Elaborating entity "datapath" for hierarchy "riscv_cpu:rvcpu|datapath:dp" File: C:/intelFPGA_lite/20.1/eyrc_copy/eb_3758_task2b/t1c_riscv_cpu/code/riscv_cpu.v Line: 24
Info (12128): Elaborating entity "mux2" for hierarchy "riscv_cpu:rvcpu|datapath:dp|mux2:pcmux" File: C:/intelFPGA_lite/20.1/eyrc_copy/eb_3758_task2b/t1c_riscv_cpu/code/components/datapath.v Line: 23
Info (12128): Elaborating entity "reset_ff" for hierarchy "riscv_cpu:rvcpu|datapath:dp|reset_ff:pcreg" File: C:/intelFPGA_lite/20.1/eyrc_copy/eb_3758_task2b/t1c_riscv_cpu/code/components/datapath.v Line: 26
Info (12128): Elaborating entity "adder" for hierarchy "riscv_cpu:rvcpu|datapath:dp|adder:pcadd4" File: C:/intelFPGA_lite/20.1/eyrc_copy/eb_3758_task2b/t1c_riscv_cpu/code/components/datapath.v Line: 27
Info (12128): Elaborating entity "reg_file" for hierarchy "riscv_cpu:rvcpu|datapath:dp|reg_file:rf" File: C:/intelFPGA_lite/20.1/eyrc_copy/eb_3758_task2b/t1c_riscv_cpu/code/components/datapath.v Line: 31
Info (12128): Elaborating entity "imm_extend" for hierarchy "riscv_cpu:rvcpu|datapath:dp|imm_extend:ext" File: C:/intelFPGA_lite/20.1/eyrc_copy/eb_3758_task2b/t1c_riscv_cpu/code/components/datapath.v Line: 32
Info (12128): Elaborating entity "alu" for hierarchy "riscv_cpu:rvcpu|datapath:dp|alu:alu" File: C:/intelFPGA_lite/20.1/eyrc_copy/eb_3758_task2b/t1c_riscv_cpu/code/components/datapath.v Line: 36
Info (12128): Elaborating entity "mux4" for hierarchy "riscv_cpu:rvcpu|datapath:dp|mux4:resultmux" File: C:/intelFPGA_lite/20.1/eyrc_copy/eb_3758_task2b/t1c_riscv_cpu/code/components/datapath.v Line: 41
Info (12128): Elaborating entity "instr_mem" for hierarchy "instr_mem:instrmem" File: C:/intelFPGA_lite/20.1/eyrc_copy/eb_3758_task2b/t1c_riscv_cpu/code/t1c_riscv_cpu.v Line: 29
Warning (10850): Verilog HDL warning at instr_mem.v(13): number of words (256) in memory file does not match the number of elements in the address range [0:511] File: C:/intelFPGA_lite/20.1/eyrc_copy/eb_3758_task2b/t1c_riscv_cpu/code/instr_mem.v Line: 13
Warning (10030): Net "instr_ram.data_a" at instr_mem.v(10) has no driver or initial value, using a default initial value '0' File: C:/intelFPGA_lite/20.1/eyrc_copy/eb_3758_task2b/t1c_riscv_cpu/code/instr_mem.v Line: 10
Warning (10030): Net "instr_ram.waddr_a" at instr_mem.v(10) has no driver or initial value, using a default initial value '0' File: C:/intelFPGA_lite/20.1/eyrc_copy/eb_3758_task2b/t1c_riscv_cpu/code/instr_mem.v Line: 10
Warning (10030): Net "instr_ram.we_a" at instr_mem.v(10) has no driver or initial value, using a default initial value '0' File: C:/intelFPGA_lite/20.1/eyrc_copy/eb_3758_task2b/t1c_riscv_cpu/code/instr_mem.v Line: 10
Info (12128): Elaborating entity "data_mem" for hierarchy "data_mem:dmem" File: C:/intelFPGA_lite/20.1/eyrc_copy/eb_3758_task2b/t1c_riscv_cpu/code/t1c_riscv_cpu.v Line: 34
Warning (10270): Verilog HDL Case Statement warning at data_mem.v(108): incomplete case statement has no default case item File: C:/intelFPGA_lite/20.1/eyrc_copy/eb_3758_task2b/t1c_riscv_cpu/code/data_mem.v Line: 108
Info (276014): Found 1 instances of uninferred RAM logic
    Info (276007): RAM logic "riscv_cpu:rvcpu|datapath:dp|reg_file:rf|reg_file_arr" is uninferred due to asynchronous read logic File: C:/intelFPGA_lite/20.1/eyrc_copy/eb_3758_task2b/t1c_riscv_cpu/code/components/reg_file.v Line: 16
Warning (127007): Memory Initialization File or Hexadecimal (Intel-Format) File "C:/intelFPGA_lite/20.1/eyrc_copy/eb_3758_task2b/t1c_riscv_cpu/db/t1c_riscv_cpu.ram0_instr_mem_8ff0214b.hdl.mif" contains "don't care" values -- overwriting them with 0s
Info (278001): Inferred 1 megafunctions from design logic
    Info (278003): Inferred multiplier megafunction ("lpm_mult") from the following logic: "riscv_cpu:rvcpu|datapath:dp|alu:alu|Mult0" File: C:/intelFPGA_lite/20.1/eyrc_copy/eb_3758_task2b/t1c_riscv_cpu/code/components/alu.v Line: 44
Info (12130): Elaborated megafunction instantiation "riscv_cpu:rvcpu|datapath:dp|alu:alu|lpm_mult:Mult0" File: C:/intelFPGA_lite/20.1/eyrc_copy/eb_3758_task2b/t1c_riscv_cpu/code/components/alu.v Line: 44
Info (12133): Instantiated megafunction "riscv_cpu:rvcpu|datapath:dp|alu:alu|lpm_mult:Mult0" with the following parameter: File: C:/intelFPGA_lite/20.1/eyrc_copy/eb_3758_task2b/t1c_riscv_cpu/code/components/alu.v Line: 44
    Info (12134): Parameter "LPM_WIDTHA" = "32"
    Info (12134): Parameter "LPM_WIDTHB" = "32"
    Info (12134): Parameter "LPM_WIDTHP" = "64"
    Info (12134): Parameter "LPM_WIDTHR" = "64"
    Info (12134): Parameter "LPM_WIDTHS" = "1"
    Info (12134): Parameter "LPM_REPRESENTATION" = "UNSIGNED"
    Info (12134): Parameter "INPUT_A_IS_CONSTANT" = "NO"
    Info (12134): Parameter "INPUT_B_IS_CONSTANT" = "NO"
    Info (12134): Parameter "MAXIMIZE_SPEED" = "5"
Info (12021): Found 1 design units, including 1 entities, in source file db/mult_7dt.tdf
    Info (12023): Found entity 1: mult_7dt File: C:/intelFPGA_lite/20.1/eyrc_copy/eb_3758_task2b/t1c_riscv_cpu/db/mult_7dt.tdf Line: 31
Warning (14284): Synthesized away the following node(s):
    Warning (14285): Synthesized away the following DSP element node(s):
        Warning (14320): Synthesized away node "riscv_cpu:rvcpu|datapath:dp|alu:alu|lpm_mult:Mult0|mult_7dt:auto_generated|mac_mult7" File: C:/intelFPGA_lite/20.1/eyrc_copy/eb_3758_task2b/t1c_riscv_cpu/db/mult_7dt.tdf Line: 67
        Warning (14320): Synthesized away node "riscv_cpu:rvcpu|datapath:dp|alu:alu|lpm_mult:Mult0|mult_7dt:auto_generated|mac_out8" File: C:/intelFPGA_lite/20.1/eyrc_copy/eb_3758_task2b/t1c_riscv_cpu/db/mult_7dt.tdf Line: 91
Info (13014): Ignored 84 buffer(s)
    Info (13019): Ignored 84 SOFT buffer(s)
Info (286030): Timing-Driven Synthesis is running
Info (144001): Generated suppressed messages file C:/intelFPGA_lite/20.1/eyrc_copy/eb_3758_task2b/t1c_riscv_cpu/output_files/t1c_riscv_cpu.map.smsg
Info (16010): Generating hard_block partition "hard_block:auto_generated_inst"
    Info (16011): Adding 0 node(s), including 0 DDIO, 0 PLL, 0 transceiver and 0 LCELL
Info (21057): Implemented 7939 device resources after synthesis - the final resource count might be different
    Info (21058): Implemented 67 input pins
    Info (21059): Implemented 161 output pins
    Info (21061): Implemented 7705 logic cells
    Info (21062): Implemented 6 DSP elements
Info: Quartus Prime Analysis & Synthesis was successful. 0 errors, 14 warnings
    Info: Peak virtual memory: 4867 megabytes
    Info: Processing ended: Wed Nov 06 00:10:12 2024
    Info: Elapsed time: 00:00:42
    Info: Total CPU time (on all processors): 00:00:25


+------------------------------------------+
; Analysis & Synthesis Suppressed Messages ;
+------------------------------------------+
The suppressed messages can be found in C:/intelFPGA_lite/20.1/eyrc_copy/eb_3758_task2b/t1c_riscv_cpu/output_files/t1c_riscv_cpu.map.smsg.


